I, [2014-08-12T13:56:45.426322 #15802]  INFO -- : Migrating to CreateOrganisms (20131114021218)
I, [2014-08-12T13:56:45.481585 #15802]  INFO -- : Migrating to CreateMaterials (20131119023040)
I, [2014-08-12T13:56:45.487577 #15802]  INFO -- : Migrating to CreateMaterialweights (20131119024849)
I, [2014-08-12T13:56:45.492761 #15802]  INFO -- : Migrating to CreateProteins (20131119030515)
I, [2014-08-12T13:56:45.498350 #15802]  INFO -- : Migrating to CreateMsresults (20131119050229)
I, [2014-08-13T10:21:57.691542 #20236]  INFO -- : Started GET "/proteins/top" for 127.0.0.1 at 2014-08-13 10:21:57 +0900
I, [2014-08-13T10:21:57.744824 #20236]  INFO -- : Processing by ProteinsController#top as HTML
I, [2014-08-13T10:21:57.773708 #20236]  INFO -- :   Rendered proteins/top.html.erb within layouts/toph (2.7ms)
I, [2014-08-13T10:21:57.809500 #20236]  INFO -- :   Rendered layouts/_menu.html.erb (4.6ms)
I, [2014-08-13T10:21:57.819832 #20236]  INFO -- :   Rendered layouts/_foot.html.erb (1.1ms)
I, [2014-08-13T10:21:57.820276 #20236]  INFO -- : Completed 200 OK in 75ms (Views: 74.8ms | ActiveRecord: 0.0ms)
I, [2014-08-13T10:21:57.892003 #20236]  INFO -- : Started GET "/stylesheets/application.css" for 127.0.0.1 at 2014-08-13 10:21:57 +0900
F, [2014-08-13T10:21:57.895491 #20236] FATAL -- : 
ActionController::RoutingError (No route matches [GET] "/stylesheets/application.css"):
  actionpack (4.0.1) lib/action_dispatch/middleware/debug_exceptions.rb:21:in `call'
  actionpack (4.0.1) lib/action_dispatch/middleware/show_exceptions.rb:30:in `call'
  railties (4.0.1) lib/rails/rack/logger.rb:38:in `call_app'
  railties (4.0.1) lib/rails/rack/logger.rb:20:in `block in call'
  activesupport (4.0.1) lib/active_support/tagged_logging.rb:67:in `block in tagged'
  activesupport (4.0.1) lib/active_support/tagged_logging.rb:25:in `tagged'
  activesupport (4.0.1) lib/active_support/tagged_logging.rb:67:in `tagged'
  railties (4.0.1) lib/rails/rack/logger.rb:20:in `call'
  actionpack (4.0.1) lib/action_dispatch/middleware/request_id.rb:21:in `call'
  rack (1.5.2) lib/rack/methodoverride.rb:21:in `call'
  rack (1.5.2) lib/rack/runtime.rb:17:in `call'
  activesupport (4.0.1) lib/active_support/cache/strategy/local_cache.rb:83:in `call'
  rack (1.5.2) lib/rack/sendfile.rb:112:in `call'
  railties (4.0.1) lib/rails/engine.rb:511:in `call'
  railties (4.0.1) lib/rails/application.rb:97:in `call'
  rack (1.5.2) lib/rack/lock.rb:17:in `call'
  rack (1.5.2) lib/rack/content_length.rb:14:in `call'
  rack (1.5.2) lib/rack/handler/webrick.rb:60:in `service'
  /usr/local/var/rbenv/versions/2.0.0-p247/lib/ruby/2.0.0/webrick/httpserver.rb:138:in `service'
  /usr/local/var/rbenv/versions/2.0.0-p247/lib/ruby/2.0.0/webrick/httpserver.rb:94:in `run'
  /usr/local/var/rbenv/versions/2.0.0-p247/lib/ruby/2.0.0/webrick/server.rb:295:in `block in start_thread'


I, [2014-08-13T10:21:57.911449 #20236]  INFO -- : Started GET "/javascripts/application.js" for 127.0.0.1 at 2014-08-13 10:21:57 +0900
F, [2014-08-13T10:21:57.912639 #20236] FATAL -- : 
ActionController::RoutingError (No route matches [GET] "/javascripts/application.js"):
  actionpack (4.0.1) lib/action_dispatch/middleware/debug_exceptions.rb:21:in `call'
  actionpack (4.0.1) lib/action_dispatch/middleware/show_exceptions.rb:30:in `call'
  railties (4.0.1) lib/rails/rack/logger.rb:38:in `call_app'
  railties (4.0.1) lib/rails/rack/logger.rb:20:in `block in call'
  activesupport (4.0.1) lib/active_support/tagged_logging.rb:67:in `block in tagged'
  activesupport (4.0.1) lib/active_support/tagged_logging.rb:25:in `tagged'
  activesupport (4.0.1) lib/active_support/tagged_logging.rb:67:in `tagged'
  railties (4.0.1) lib/rails/rack/logger.rb:20:in `call'
  actionpack (4.0.1) lib/action_dispatch/middleware/request_id.rb:21:in `call'
  rack (1.5.2) lib/rack/methodoverride.rb:21:in `call'
  rack (1.5.2) lib/rack/runtime.rb:17:in `call'
  activesupport (4.0.1) lib/active_support/cache/strategy/local_cache.rb:83:in `call'
  rack (1.5.2) lib/rack/sendfile.rb:112:in `call'
  railties (4.0.1) lib/rails/engine.rb:511:in `call'
  railties (4.0.1) lib/rails/application.rb:97:in `call'
  rack (1.5.2) lib/rack/lock.rb:17:in `call'
  rack (1.5.2) lib/rack/content_length.rb:14:in `call'
  rack (1.5.2) lib/rack/handler/webrick.rb:60:in `service'
  /usr/local/var/rbenv/versions/2.0.0-p247/lib/ruby/2.0.0/webrick/httpserver.rb:138:in `service'
  /usr/local/var/rbenv/versions/2.0.0-p247/lib/ruby/2.0.0/webrick/httpserver.rb:94:in `run'
  /usr/local/var/rbenv/versions/2.0.0-p247/lib/ruby/2.0.0/webrick/server.rb:295:in `block in start_thread'


I, [2014-08-13T10:21:57.915688 #20236]  INFO -- : Started GET "/images/title.png" for 127.0.0.1 at 2014-08-13 10:21:57 +0900
F, [2014-08-13T10:21:57.944361 #20236] FATAL -- : 
ActionController::RoutingError (No route matches [GET] "/images/title.png"):
  actionpack (4.0.1) lib/action_dispatch/middleware/debug_exceptions.rb:21:in `call'
  actionpack (4.0.1) lib/action_dispatch/middleware/show_exceptions.rb:30:in `call'
  railties (4.0.1) lib/rails/rack/logger.rb:38:in `call_app'
  railties (4.0.1) lib/rails/rack/logger.rb:20:in `block in call'
  activesupport (4.0.1) lib/active_support/tagged_logging.rb:67:in `block in tagged'
  activesupport (4.0.1) lib/active_support/tagged_logging.rb:25:in `tagged'
  activesupport (4.0.1) lib/active_support/tagged_logging.rb:67:in `tagged'
  railties (4.0.1) lib/rails/rack/logger.rb:20:in `call'
  actionpack (4.0.1) lib/action_dispatch/middleware/request_id.rb:21:in `call'
  rack (1.5.2) lib/rack/methodoverride.rb:21:in `call'
  rack (1.5.2) lib/rack/runtime.rb:17:in `call'
  activesupport (4.0.1) lib/active_support/cache/strategy/local_cache.rb:83:in `call'
  rack (1.5.2) lib/rack/sendfile.rb:112:in `call'
  railties (4.0.1) lib/rails/engine.rb:511:in `call'
  railties (4.0.1) lib/rails/application.rb:97:in `call'
  rack (1.5.2) lib/rack/lock.rb:17:in `call'
  rack (1.5.2) lib/rack/content_length.rb:14:in `call'
  rack (1.5.2) lib/rack/handler/webrick.rb:60:in `service'
  /usr/local/var/rbenv/versions/2.0.0-p247/lib/ruby/2.0.0/webrick/httpserver.rb:138:in `service'
  /usr/local/var/rbenv/versions/2.0.0-p247/lib/ruby/2.0.0/webrick/httpserver.rb:94:in `run'
  /usr/local/var/rbenv/versions/2.0.0-p247/lib/ruby/2.0.0/webrick/server.rb:295:in `block in start_thread'


I, [2014-08-13T10:21:57.945733 #20236]  INFO -- : Started GET "/images/16.png" for 127.0.0.1 at 2014-08-13 10:21:57 +0900
F, [2014-08-13T10:21:57.949044 #20236] FATAL -- : 
ActionController::RoutingError (No route matches [GET] "/images/16.png"):
  actionpack (4.0.1) lib/action_dispatch/middleware/debug_exceptions.rb:21:in `call'
  actionpack (4.0.1) lib/action_dispatch/middleware/show_exceptions.rb:30:in `call'
  railties (4.0.1) lib/rails/rack/logger.rb:38:in `call_app'
  railties (4.0.1) lib/rails/rack/logger.rb:20:in `block in call'
  activesupport (4.0.1) lib/active_support/tagged_logging.rb:67:in `block in tagged'
  activesupport (4.0.1) lib/active_support/tagged_logging.rb:25:in `tagged'
  activesupport (4.0.1) lib/active_support/tagged_logging.rb:67:in `tagged'
  railties (4.0.1) lib/rails/rack/logger.rb:20:in `call'
  actionpack (4.0.1) lib/action_dispatch/middleware/request_id.rb:21:in `call'
  rack (1.5.2) lib/rack/methodoverride.rb:21:in `call'
  rack (1.5.2) lib/rack/runtime.rb:17:in `call'
  activesupport (4.0.1) lib/active_support/cache/strategy/local_cache.rb:83:in `call'
  rack (1.5.2) lib/rack/sendfile.rb:112:in `call'
  railties (4.0.1) lib/rails/engine.rb:511:in `call'
  railties (4.0.1) lib/rails/application.rb:97:in `call'
  rack (1.5.2) lib/rack/lock.rb:17:in `call'
  rack (1.5.2) lib/rack/content_length.rb:14:in `call'
  rack (1.5.2) lib/rack/handler/webrick.rb:60:in `service'
  /usr/local/var/rbenv/versions/2.0.0-p247/lib/ruby/2.0.0/webrick/httpserver.rb:138:in `service'
  /usr/local/var/rbenv/versions/2.0.0-p247/lib/ruby/2.0.0/webrick/httpserver.rb:94:in `run'
  /usr/local/var/rbenv/versions/2.0.0-p247/lib/ruby/2.0.0/webrick/server.rb:295:in `block in start_thread'


I, [2014-08-13T10:21:57.949793 #20236]  INFO -- : Started GET "/images/sign2.png" for 127.0.0.1 at 2014-08-13 10:21:57 +0900
F, [2014-08-13T10:21:57.951129 #20236] FATAL -- : 
ActionController::RoutingError (No route matches [GET] "/images/sign2.png"):
  actionpack (4.0.1) lib/action_dispatch/middleware/debug_exceptions.rb:21:in `call'
  actionpack (4.0.1) lib/action_dispatch/middleware/show_exceptions.rb:30:in `call'
  railties (4.0.1) lib/rails/rack/logger.rb:38:in `call_app'
  railties (4.0.1) lib/rails/rack/logger.rb:20:in `block in call'
  activesupport (4.0.1) lib/active_support/tagged_logging.rb:67:in `block in tagged'
  activesupport (4.0.1) lib/active_support/tagged_logging.rb:25:in `tagged'
  activesupport (4.0.1) lib/active_support/tagged_logging.rb:67:in `tagged'
  railties (4.0.1) lib/rails/rack/logger.rb:20:in `call'
  actionpack (4.0.1) lib/action_dispatch/middleware/request_id.rb:21:in `call'
  rack (1.5.2) lib/rack/methodoverride.rb:21:in `call'
  rack (1.5.2) lib/rack/runtime.rb:17:in `call'
  activesupport (4.0.1) lib/active_support/cache/strategy/local_cache.rb:83:in `call'
  rack (1.5.2) lib/rack/sendfile.rb:112:in `call'
  railties (4.0.1) lib/rails/engine.rb:511:in `call'
  railties (4.0.1) lib/rails/application.rb:97:in `call'
  rack (1.5.2) lib/rack/lock.rb:17:in `call'
  rack (1.5.2) lib/rack/content_length.rb:14:in `call'
  rack (1.5.2) lib/rack/handler/webrick.rb:60:in `service'
  /usr/local/var/rbenv/versions/2.0.0-p247/lib/ruby/2.0.0/webrick/httpserver.rb:138:in `service'
  /usr/local/var/rbenv/versions/2.0.0-p247/lib/ruby/2.0.0/webrick/httpserver.rb:94:in `run'
  /usr/local/var/rbenv/versions/2.0.0-p247/lib/ruby/2.0.0/webrick/server.rb:295:in `block in start_thread'


I, [2014-08-13T10:22:02.833623 #20236]  INFO -- : Started GET "/proteins/list_protein?material_id=3" for 127.0.0.1 at 2014-08-13 10:22:02 +0900
I, [2014-08-13T10:22:02.835683 #20236]  INFO -- : Processing by ProteinsController#list_protein as HTML
I, [2014-08-13T10:22:02.835760 #20236]  INFO -- :   Parameters: {"material_id"=>"3"}
I, [2014-08-13T10:22:03.788106 #20236]  INFO -- :   Rendered proteins/list_protein.html.erb within layouts/proteins (887.0ms)
I, [2014-08-13T10:22:03.791221 #20236]  INFO -- :   Rendered layouts/_menu.html.erb (1.8ms)
I, [2014-08-13T10:22:03.791684 #20236]  INFO -- :   Rendered layouts/_foot.html.erb (0.1ms)
I, [2014-08-13T10:22:03.791960 #20236]  INFO -- : Completed 200 OK in 956ms (Views: 768.5ms | ActiveRecord: 160.8ms)
I, [2014-08-13T10:22:03.873894 #20236]  INFO -- : Started GET "/stylesheets/application.css" for 127.0.0.1 at 2014-08-13 10:22:03 +0900
F, [2014-08-13T10:22:03.876600 #20236] FATAL -- : 
ActionController::RoutingError (No route matches [GET] "/stylesheets/application.css"):
  actionpack (4.0.1) lib/action_dispatch/middleware/debug_exceptions.rb:21:in `call'
  actionpack (4.0.1) lib/action_dispatch/middleware/show_exceptions.rb:30:in `call'
  railties (4.0.1) lib/rails/rack/logger.rb:38:in `call_app'
  railties (4.0.1) lib/rails/rack/logger.rb:20:in `block in call'
  activesupport (4.0.1) lib/active_support/tagged_logging.rb:67:in `block in tagged'
  activesupport (4.0.1) lib/active_support/tagged_logging.rb:25:in `tagged'
  activesupport (4.0.1) lib/active_support/tagged_logging.rb:67:in `tagged'
  railties (4.0.1) lib/rails/rack/logger.rb:20:in `call'
  actionpack (4.0.1) lib/action_dispatch/middleware/request_id.rb:21:in `call'
  rack (1.5.2) lib/rack/methodoverride.rb:21:in `call'
  rack (1.5.2) lib/rack/runtime.rb:17:in `call'
  activesupport (4.0.1) lib/active_support/cache/strategy/local_cache.rb:83:in `call'
  rack (1.5.2) lib/rack/sendfile.rb:112:in `call'
  railties (4.0.1) lib/rails/engine.rb:511:in `call'
  railties (4.0.1) lib/rails/application.rb:97:in `call'
  rack (1.5.2) lib/rack/lock.rb:17:in `call'
  rack (1.5.2) lib/rack/content_length.rb:14:in `call'
  rack (1.5.2) lib/rack/handler/webrick.rb:60:in `service'
  /usr/local/var/rbenv/versions/2.0.0-p247/lib/ruby/2.0.0/webrick/httpserver.rb:138:in `service'
  /usr/local/var/rbenv/versions/2.0.0-p247/lib/ruby/2.0.0/webrick/httpserver.rb:94:in `run'
  /usr/local/var/rbenv/versions/2.0.0-p247/lib/ruby/2.0.0/webrick/server.rb:295:in `block in start_thread'


I, [2014-08-13T10:22:03.877439 #20236]  INFO -- : Started GET "/javascripts/application.js" for 127.0.0.1 at 2014-08-13 10:22:03 +0900
F, [2014-08-13T10:22:03.878853 #20236] FATAL -- : 
ActionController::RoutingError (No route matches [GET] "/javascripts/application.js"):
  actionpack (4.0.1) lib/action_dispatch/middleware/debug_exceptions.rb:21:in `call'
  actionpack (4.0.1) lib/action_dispatch/middleware/show_exceptions.rb:30:in `call'
  railties (4.0.1) lib/rails/rack/logger.rb:38:in `call_app'
  railties (4.0.1) lib/rails/rack/logger.rb:20:in `block in call'
  activesupport (4.0.1) lib/active_support/tagged_logging.rb:67:in `block in tagged'
  activesupport (4.0.1) lib/active_support/tagged_logging.rb:25:in `tagged'
  activesupport (4.0.1) lib/active_support/tagged_logging.rb:67:in `tagged'
  railties (4.0.1) lib/rails/rack/logger.rb:20:in `call'
  actionpack (4.0.1) lib/action_dispatch/middleware/request_id.rb:21:in `call'
  rack (1.5.2) lib/rack/methodoverride.rb:21:in `call'
  rack (1.5.2) lib/rack/runtime.rb:17:in `call'
  activesupport (4.0.1) lib/active_support/cache/strategy/local_cache.rb:83:in `call'
  rack (1.5.2) lib/rack/sendfile.rb:112:in `call'
  railties (4.0.1) lib/rails/engine.rb:511:in `call'
  railties (4.0.1) lib/rails/application.rb:97:in `call'
  rack (1.5.2) lib/rack/lock.rb:17:in `call'
  rack (1.5.2) lib/rack/content_length.rb:14:in `call'
  rack (1.5.2) lib/rack/handler/webrick.rb:60:in `service'
  /usr/local/var/rbenv/versions/2.0.0-p247/lib/ruby/2.0.0/webrick/httpserver.rb:138:in `service'
  /usr/local/var/rbenv/versions/2.0.0-p247/lib/ruby/2.0.0/webrick/httpserver.rb:94:in `run'
  /usr/local/var/rbenv/versions/2.0.0-p247/lib/ruby/2.0.0/webrick/server.rb:295:in `block in start_thread'


I, [2014-08-13T10:22:03.881412 #20236]  INFO -- : Started GET "/images/lowtemp.png" for 127.0.0.1 at 2014-08-13 10:22:03 +0900
F, [2014-08-13T10:22:03.885900 #20236] FATAL -- : 
ActionController::RoutingError (No route matches [GET] "/images/lowtemp.png"):
  actionpack (4.0.1) lib/action_dispatch/middleware/debug_exceptions.rb:21:in `call'
  actionpack (4.0.1) lib/action_dispatch/middleware/show_exceptions.rb:30:in `call'
  railties (4.0.1) lib/rails/rack/logger.rb:38:in `call_app'
  railties (4.0.1) lib/rails/rack/logger.rb:20:in `block in call'
  activesupport (4.0.1) lib/active_support/tagged_logging.rb:67:in `block in tagged'
  activesupport (4.0.1) lib/active_support/tagged_logging.rb:25:in `tagged'
  activesupport (4.0.1) lib/active_support/tagged_logging.rb:67:in `tagged'
  railties (4.0.1) lib/rails/rack/logger.rb:20:in `call'
  actionpack (4.0.1) lib/action_dispatch/middleware/request_id.rb:21:in `call'
  rack (1.5.2) lib/rack/methodoverride.rb:21:in `call'
  rack (1.5.2) lib/rack/runtime.rb:17:in `call'
  activesupport (4.0.1) lib/active_support/cache/strategy/local_cache.rb:83:in `call'
  rack (1.5.2) lib/rack/sendfile.rb:112:in `call'
  railties (4.0.1) lib/rails/engine.rb:511:in `call'
  railties (4.0.1) lib/rails/application.rb:97:in `call'
  rack (1.5.2) lib/rack/lock.rb:17:in `call'
  rack (1.5.2) lib/rack/content_length.rb:14:in `call'
  rack (1.5.2) lib/rack/handler/webrick.rb:60:in `service'
  /usr/local/var/rbenv/versions/2.0.0-p247/lib/ruby/2.0.0/webrick/httpserver.rb:138:in `service'
  /usr/local/var/rbenv/versions/2.0.0-p247/lib/ruby/2.0.0/webrick/httpserver.rb:94:in `run'
  /usr/local/var/rbenv/versions/2.0.0-p247/lib/ruby/2.0.0/webrick/server.rb:295:in `block in start_thread'


I, [2014-08-13T10:22:03.891293 #20236]  INFO -- : Started GET "/images/help1.gif" for 127.0.0.1 at 2014-08-13 10:22:03 +0900
F, [2014-08-13T10:22:03.895479 #20236] FATAL -- : 
ActionController::RoutingError (No route matches [GET] "/images/help1.gif"):
  actionpack (4.0.1) lib/action_dispatch/middleware/debug_exceptions.rb:21:in `call'
  actionpack (4.0.1) lib/action_dispatch/middleware/show_exceptions.rb:30:in `call'
  railties (4.0.1) lib/rails/rack/logger.rb:38:in `call_app'
  railties (4.0.1) lib/rails/rack/logger.rb:20:in `block in call'
  activesupport (4.0.1) lib/active_support/tagged_logging.rb:67:in `block in tagged'
  activesupport (4.0.1) lib/active_support/tagged_logging.rb:25:in `tagged'
  activesupport (4.0.1) lib/active_support/tagged_logging.rb:67:in `tagged'
  railties (4.0.1) lib/rails/rack/logger.rb:20:in `call'
  actionpack (4.0.1) lib/action_dispatch/middleware/request_id.rb:21:in `call'
  rack (1.5.2) lib/rack/methodoverride.rb:21:in `call'
  rack (1.5.2) lib/rack/runtime.rb:17:in `call'
  activesupport (4.0.1) lib/active_support/cache/strategy/local_cache.rb:83:in `call'
  rack (1.5.2) lib/rack/sendfile.rb:112:in `call'
  railties (4.0.1) lib/rails/engine.rb:511:in `call'
  railties (4.0.1) lib/rails/application.rb:97:in `call'
  rack (1.5.2) lib/rack/lock.rb:17:in `call'
  rack (1.5.2) lib/rack/content_length.rb:14:in `call'
  rack (1.5.2) lib/rack/handler/webrick.rb:60:in `service'
  /usr/local/var/rbenv/versions/2.0.0-p247/lib/ruby/2.0.0/webrick/httpserver.rb:138:in `service'
  /usr/local/var/rbenv/versions/2.0.0-p247/lib/ruby/2.0.0/webrick/httpserver.rb:94:in `run'
  /usr/local/var/rbenv/versions/2.0.0-p247/lib/ruby/2.0.0/webrick/server.rb:295:in `block in start_thread'


I, [2014-08-13T10:22:03.896299 #20236]  INFO -- : Started GET "/images/sorter/first.gif" for 127.0.0.1 at 2014-08-13 10:22:03 +0900
F, [2014-08-13T10:22:03.897725 #20236] FATAL -- : 
ActionController::RoutingError (No route matches [GET] "/images/sorter/first.gif"):
  actionpack (4.0.1) lib/action_dispatch/middleware/debug_exceptions.rb:21:in `call'
  actionpack (4.0.1) lib/action_dispatch/middleware/show_exceptions.rb:30:in `call'
  railties (4.0.1) lib/rails/rack/logger.rb:38:in `call_app'
  railties (4.0.1) lib/rails/rack/logger.rb:20:in `block in call'
  activesupport (4.0.1) lib/active_support/tagged_logging.rb:67:in `block in tagged'
  activesupport (4.0.1) lib/active_support/tagged_logging.rb:25:in `tagged'
  activesupport (4.0.1) lib/active_support/tagged_logging.rb:67:in `tagged'
  railties (4.0.1) lib/rails/rack/logger.rb:20:in `call'
  actionpack (4.0.1) lib/action_dispatch/middleware/request_id.rb:21:in `call'
  rack (1.5.2) lib/rack/methodoverride.rb:21:in `call'
  rack (1.5.2) lib/rack/runtime.rb:17:in `call'
  activesupport (4.0.1) lib/active_support/cache/strategy/local_cache.rb:83:in `call'
  rack (1.5.2) lib/rack/sendfile.rb:112:in `call'
  railties (4.0.1) lib/rails/engine.rb:511:in `call'
  railties (4.0.1) lib/rails/application.rb:97:in `call'
  rack (1.5.2) lib/rack/lock.rb:17:in `call'
  rack (1.5.2) lib/rack/content_length.rb:14:in `call'
  rack (1.5.2) lib/rack/handler/webrick.rb:60:in `service'
  /usr/local/var/rbenv/versions/2.0.0-p247/lib/ruby/2.0.0/webrick/httpserver.rb:138:in `service'
  /usr/local/var/rbenv/versions/2.0.0-p247/lib/ruby/2.0.0/webrick/httpserver.rb:94:in `run'
  /usr/local/var/rbenv/versions/2.0.0-p247/lib/ruby/2.0.0/webrick/server.rb:295:in `block in start_thread'


I, [2014-08-13T10:22:03.898407 #20236]  INFO -- : Started GET "/images/sorter/previous.gif" for 127.0.0.1 at 2014-08-13 10:22:03 +0900
F, [2014-08-13T10:22:03.899700 #20236] FATAL -- : 
ActionController::RoutingError (No route matches [GET] "/images/sorter/previous.gif"):
  actionpack (4.0.1) lib/action_dispatch/middleware/debug_exceptions.rb:21:in `call'
  actionpack (4.0.1) lib/action_dispatch/middleware/show_exceptions.rb:30:in `call'
  railties (4.0.1) lib/rails/rack/logger.rb:38:in `call_app'
  railties (4.0.1) lib/rails/rack/logger.rb:20:in `block in call'
  activesupport (4.0.1) lib/active_support/tagged_logging.rb:67:in `block in tagged'
  activesupport (4.0.1) lib/active_support/tagged_logging.rb:25:in `tagged'
  activesupport (4.0.1) lib/active_support/tagged_logging.rb:67:in `tagged'
  railties (4.0.1) lib/rails/rack/logger.rb:20:in `call'
  actionpack (4.0.1) lib/action_dispatch/middleware/request_id.rb:21:in `call'
  rack (1.5.2) lib/rack/methodoverride.rb:21:in `call'
  rack (1.5.2) lib/rack/runtime.rb:17:in `call'
  activesupport (4.0.1) lib/active_support/cache/strategy/local_cache.rb:83:in `call'
  rack (1.5.2) lib/rack/sendfile.rb:112:in `call'
  railties (4.0.1) lib/rails/engine.rb:511:in `call'
  railties (4.0.1) lib/rails/application.rb:97:in `call'
  rack (1.5.2) lib/rack/lock.rb:17:in `call'
  rack (1.5.2) lib/rack/content_length.rb:14:in `call'
  rack (1.5.2) lib/rack/handler/webrick.rb:60:in `service'
  /usr/local/var/rbenv/versions/2.0.0-p247/lib/ruby/2.0.0/webrick/httpserver.rb:138:in `service'
  /usr/local/var/rbenv/versions/2.0.0-p247/lib/ruby/2.0.0/webrick/httpserver.rb:94:in `run'
  /usr/local/var/rbenv/versions/2.0.0-p247/lib/ruby/2.0.0/webrick/server.rb:295:in `block in start_thread'


I, [2014-08-13T10:22:03.900391 #20236]  INFO -- : Started GET "/images/sorter/last.gif" for 127.0.0.1 at 2014-08-13 10:22:03 +0900
F, [2014-08-13T10:22:03.901550 #20236] FATAL -- : 
ActionController::RoutingError (No route matches [GET] "/images/sorter/last.gif"):
  actionpack (4.0.1) lib/action_dispatch/middleware/debug_exceptions.rb:21:in `call'
  actionpack (4.0.1) lib/action_dispatch/middleware/show_exceptions.rb:30:in `call'
  railties (4.0.1) lib/rails/rack/logger.rb:38:in `call_app'
  railties (4.0.1) lib/rails/rack/logger.rb:20:in `block in call'
  activesupport (4.0.1) lib/active_support/tagged_logging.rb:67:in `block in tagged'
  activesupport (4.0.1) lib/active_support/tagged_logging.rb:25:in `tagged'
  activesupport (4.0.1) lib/active_support/tagged_logging.rb:67:in `tagged'
  railties (4.0.1) lib/rails/rack/logger.rb:20:in `call'
  actionpack (4.0.1) lib/action_dispatch/middleware/request_id.rb:21:in `call'
  rack (1.5.2) lib/rack/methodoverride.rb:21:in `call'
  rack (1.5.2) lib/rack/runtime.rb:17:in `call'
  activesupport (4.0.1) lib/active_support/cache/strategy/local_cache.rb:83:in `call'
  rack (1.5.2) lib/rack/sendfile.rb:112:in `call'
  railties (4.0.1) lib/rails/engine.rb:511:in `call'
  railties (4.0.1) lib/rails/application.rb:97:in `call'
  rack (1.5.2) lib/rack/lock.rb:17:in `call'
  rack (1.5.2) lib/rack/content_length.rb:14:in `call'
  rack (1.5.2) lib/rack/handler/webrick.rb:60:in `service'
  /usr/local/var/rbenv/versions/2.0.0-p247/lib/ruby/2.0.0/webrick/httpserver.rb:138:in `service'
  /usr/local/var/rbenv/versions/2.0.0-p247/lib/ruby/2.0.0/webrick/httpserver.rb:94:in `run'
  /usr/local/var/rbenv/versions/2.0.0-p247/lib/ruby/2.0.0/webrick/server.rb:295:in `block in start_thread'


I, [2014-08-13T10:22:03.902287 #20236]  INFO -- : Started GET "/images/sorter/next.gif" for 127.0.0.1 at 2014-08-13 10:22:03 +0900
F, [2014-08-13T10:22:03.939249 #20236] FATAL -- : 
ActionController::RoutingError (No route matches [GET] "/images/sorter/next.gif"):
  actionpack (4.0.1) lib/action_dispatch/middleware/debug_exceptions.rb:21:in `call'
  actionpack (4.0.1) lib/action_dispatch/middleware/show_exceptions.rb:30:in `call'
  railties (4.0.1) lib/rails/rack/logger.rb:38:in `call_app'
  railties (4.0.1) lib/rails/rack/logger.rb:20:in `block in call'
  activesupport (4.0.1) lib/active_support/tagged_logging.rb:67:in `block in tagged'
  activesupport (4.0.1) lib/active_support/tagged_logging.rb:25:in `tagged'
  activesupport (4.0.1) lib/active_support/tagged_logging.rb:67:in `tagged'
  railties (4.0.1) lib/rails/rack/logger.rb:20:in `call'
  actionpack (4.0.1) lib/action_dispatch/middleware/request_id.rb:21:in `call'
  rack (1.5.2) lib/rack/methodoverride.rb:21:in `call'
  rack (1.5.2) lib/rack/runtime.rb:17:in `call'
  activesupport (4.0.1) lib/active_support/cache/strategy/local_cache.rb:83:in `call'
  rack (1.5.2) lib/rack/sendfile.rb:112:in `call'
  railties (4.0.1) lib/rails/engine.rb:511:in `call'
  railties (4.0.1) lib/rails/application.rb:97:in `call'
  rack (1.5.2) lib/rack/lock.rb:17:in `call'
  rack (1.5.2) lib/rack/content_length.rb:14:in `call'
  rack (1.5.2) lib/rack/handler/webrick.rb:60:in `service'
  /usr/local/var/rbenv/versions/2.0.0-p247/lib/ruby/2.0.0/webrick/httpserver.rb:138:in `service'
  /usr/local/var/rbenv/versions/2.0.0-p247/lib/ruby/2.0.0/webrick/httpserver.rb:94:in `run'
  /usr/local/var/rbenv/versions/2.0.0-p247/lib/ruby/2.0.0/webrick/server.rb:295:in `block in start_thread'


I, [2014-08-13T10:22:03.940276 #20236]  INFO -- : Started GET "/images/sign2.png" for 127.0.0.1 at 2014-08-13 10:22:03 +0900
F, [2014-08-13T10:22:03.941522 #20236] FATAL -- : 
ActionController::RoutingError (No route matches [GET] "/images/sign2.png"):
  actionpack (4.0.1) lib/action_dispatch/middleware/debug_exceptions.rb:21:in `call'
  actionpack (4.0.1) lib/action_dispatch/middleware/show_exceptions.rb:30:in `call'
  railties (4.0.1) lib/rails/rack/logger.rb:38:in `call_app'
  railties (4.0.1) lib/rails/rack/logger.rb:20:in `block in call'
  activesupport (4.0.1) lib/active_support/tagged_logging.rb:67:in `block in tagged'
  activesupport (4.0.1) lib/active_support/tagged_logging.rb:25:in `tagged'
  activesupport (4.0.1) lib/active_support/tagged_logging.rb:67:in `tagged'
  railties (4.0.1) lib/rails/rack/logger.rb:20:in `call'
  actionpack (4.0.1) lib/action_dispatch/middleware/request_id.rb:21:in `call'
  rack (1.5.2) lib/rack/methodoverride.rb:21:in `call'
  rack (1.5.2) lib/rack/runtime.rb:17:in `call'
  activesupport (4.0.1) lib/active_support/cache/strategy/local_cache.rb:83:in `call'
  rack (1.5.2) lib/rack/sendfile.rb:112:in `call'
  railties (4.0.1) lib/rails/engine.rb:511:in `call'
  railties (4.0.1) lib/rails/application.rb:97:in `call'
  rack (1.5.2) lib/rack/lock.rb:17:in `call'
  rack (1.5.2) lib/rack/content_length.rb:14:in `call'
  rack (1.5.2) lib/rack/handler/webrick.rb:60:in `service'
  /usr/local/var/rbenv/versions/2.0.0-p247/lib/ruby/2.0.0/webrick/httpserver.rb:138:in `service'
  /usr/local/var/rbenv/versions/2.0.0-p247/lib/ruby/2.0.0/webrick/httpserver.rb:94:in `run'
  /usr/local/var/rbenv/versions/2.0.0-p247/lib/ruby/2.0.0/webrick/server.rb:295:in `block in start_thread'


I, [2014-08-13T10:37:37.212636 #20596]  INFO -- : Started GET "/proteins/top" for 127.0.0.1 at 2014-08-13 10:37:37 +0900
I, [2014-08-13T10:37:37.221016 #20596]  INFO -- : Processing by ProteinsController#top as HTML
I, [2014-08-13T10:37:37.226018 #20596]  INFO -- :   Rendered proteins/top.html.erb within layouts/toph (2.6ms)
I, [2014-08-13T10:37:37.248809 #20596]  INFO -- :   Rendered layouts/_menu.html.erb (2.7ms)
I, [2014-08-13T10:37:37.250321 #20596]  INFO -- :   Rendered layouts/_foot.html.erb (0.6ms)
I, [2014-08-13T10:37:37.250632 #20596]  INFO -- : Completed 200 OK in 29ms (Views: 29.0ms | ActiveRecord: 0.0ms)
I, [2014-08-13T10:37:37.353492 #20596]  INFO -- : Started GET "/stylesheets/application.css" for 127.0.0.1 at 2014-08-13 10:37:37 +0900
F, [2014-08-13T10:37:37.382861 #20596] FATAL -- : 
ActionController::RoutingError (No route matches [GET] "/stylesheets/application.css"):
  actionpack (4.0.1) lib/action_dispatch/middleware/debug_exceptions.rb:21:in `call'
  actionpack (4.0.1) lib/action_dispatch/middleware/show_exceptions.rb:30:in `call'
  railties (4.0.1) lib/rails/rack/logger.rb:38:in `call_app'
  railties (4.0.1) lib/rails/rack/logger.rb:20:in `block in call'
  activesupport (4.0.1) lib/active_support/tagged_logging.rb:67:in `block in tagged'
  activesupport (4.0.1) lib/active_support/tagged_logging.rb:25:in `tagged'
  activesupport (4.0.1) lib/active_support/tagged_logging.rb:67:in `tagged'
  railties (4.0.1) lib/rails/rack/logger.rb:20:in `call'
  actionpack (4.0.1) lib/action_dispatch/middleware/request_id.rb:21:in `call'
  rack (1.5.2) lib/rack/methodoverride.rb:21:in `call'
  rack (1.5.2) lib/rack/runtime.rb:17:in `call'
  activesupport (4.0.1) lib/active_support/cache/strategy/local_cache.rb:83:in `call'
  actionpack (4.0.1) lib/action_dispatch/middleware/static.rb:64:in `call'
  rack (1.5.2) lib/rack/sendfile.rb:112:in `call'
  railties (4.0.1) lib/rails/engine.rb:511:in `call'
  railties (4.0.1) lib/rails/application.rb:97:in `call'
  rack (1.5.2) lib/rack/lock.rb:17:in `call'
  rack (1.5.2) lib/rack/content_length.rb:14:in `call'
  rack (1.5.2) lib/rack/handler/webrick.rb:60:in `service'
  /usr/local/var/rbenv/versions/2.0.0-p247/lib/ruby/2.0.0/webrick/httpserver.rb:138:in `service'
  /usr/local/var/rbenv/versions/2.0.0-p247/lib/ruby/2.0.0/webrick/httpserver.rb:94:in `run'
  /usr/local/var/rbenv/versions/2.0.0-p247/lib/ruby/2.0.0/webrick/server.rb:295:in `block in start_thread'


I, [2014-08-13T10:38:59.690654 #20596]  INFO -- : Started GET "/proteins/top" for 127.0.0.1 at 2014-08-13 10:38:59 +0900
I, [2014-08-13T10:38:59.692615 #20596]  INFO -- : Processing by ProteinsController#top as HTML
I, [2014-08-13T10:38:59.694539 #20596]  INFO -- :   Rendered proteins/top.html.erb within layouts/toph (1.4ms)
I, [2014-08-13T10:38:59.697112 #20596]  INFO -- :   Rendered layouts/_menu.html.erb (1.7ms)
I, [2014-08-13T10:38:59.697453 #20596]  INFO -- :   Rendered layouts/_foot.html.erb (0.1ms)
I, [2014-08-13T10:38:59.697787 #20596]  INFO -- : Completed 200 OK in 5ms (Views: 4.8ms | ActiveRecord: 0.0ms)
I, [2014-08-13T10:38:59.718855 #20596]  INFO -- : Started GET "/stylesheets/application.css" for 127.0.0.1 at 2014-08-13 10:38:59 +0900
F, [2014-08-13T10:38:59.720069 #20596] FATAL -- : 
ActionController::RoutingError (No route matches [GET] "/stylesheets/application.css"):
  actionpack (4.0.1) lib/action_dispatch/middleware/debug_exceptions.rb:21:in `call'
  actionpack (4.0.1) lib/action_dispatch/middleware/show_exceptions.rb:30:in `call'
  railties (4.0.1) lib/rails/rack/logger.rb:38:in `call_app'
  railties (4.0.1) lib/rails/rack/logger.rb:20:in `block in call'
  activesupport (4.0.1) lib/active_support/tagged_logging.rb:67:in `block in tagged'
  activesupport (4.0.1) lib/active_support/tagged_logging.rb:25:in `tagged'
  activesupport (4.0.1) lib/active_support/tagged_logging.rb:67:in `tagged'
  railties (4.0.1) lib/rails/rack/logger.rb:20:in `call'
  actionpack (4.0.1) lib/action_dispatch/middleware/request_id.rb:21:in `call'
  rack (1.5.2) lib/rack/methodoverride.rb:21:in `call'
  rack (1.5.2) lib/rack/runtime.rb:17:in `call'
  activesupport (4.0.1) lib/active_support/cache/strategy/local_cache.rb:83:in `call'
  actionpack (4.0.1) lib/action_dispatch/middleware/static.rb:64:in `call'
  rack (1.5.2) lib/rack/sendfile.rb:112:in `call'
  railties (4.0.1) lib/rails/engine.rb:511:in `call'
  railties (4.0.1) lib/rails/application.rb:97:in `call'
  rack (1.5.2) lib/rack/lock.rb:17:in `call'
  rack (1.5.2) lib/rack/content_length.rb:14:in `call'
  rack (1.5.2) lib/rack/handler/webrick.rb:60:in `service'
  /usr/local/var/rbenv/versions/2.0.0-p247/lib/ruby/2.0.0/webrick/httpserver.rb:138:in `service'
  /usr/local/var/rbenv/versions/2.0.0-p247/lib/ruby/2.0.0/webrick/httpserver.rb:94:in `run'
  /usr/local/var/rbenv/versions/2.0.0-p247/lib/ruby/2.0.0/webrick/server.rb:295:in `block in start_thread'


I, [2014-08-13T10:54:32.052622 #21129]  INFO -- : Started GET "/proteins/top" for 127.0.0.1 at 2014-08-13 10:54:32 +0900
I, [2014-08-13T10:54:32.060442 #21129]  INFO -- : Processing by ProteinsController#top as HTML
I, [2014-08-13T10:54:32.064775 #21129]  INFO -- :   Rendered proteins/top.html.erb within layouts/toph (2.4ms)
I, [2014-08-13T10:54:32.087213 #21129]  INFO -- :   Rendered layouts/_menu.html.erb (2.6ms)
I, [2014-08-13T10:54:32.088519 #21129]  INFO -- :   Rendered layouts/_foot.html.erb (0.5ms)
I, [2014-08-13T10:54:32.088800 #21129]  INFO -- : Completed 200 OK in 28ms (Views: 27.8ms | ActiveRecord: 0.0ms)
I, [2014-08-13T10:54:32.243186 #21129]  INFO -- : Started GET "/assets/img/close-aae3e5db3e81a31dd11914c38a8c503f.png" for 127.0.0.1 at 2014-08-13 10:54:32 +0900
F, [2014-08-13T10:54:32.278980 #21129] FATAL -- : 
ActionController::RoutingError (No route matches [GET] "/assets/img/close-aae3e5db3e81a31dd11914c38a8c503f.png"):
  actionpack (4.0.1) lib/action_dispatch/middleware/debug_exceptions.rb:21:in `call'
  actionpack (4.0.1) lib/action_dispatch/middleware/show_exceptions.rb:30:in `call'
  railties (4.0.1) lib/rails/rack/logger.rb:38:in `call_app'
  railties (4.0.1) lib/rails/rack/logger.rb:20:in `block in call'
  activesupport (4.0.1) lib/active_support/tagged_logging.rb:67:in `block in tagged'
  activesupport (4.0.1) lib/active_support/tagged_logging.rb:25:in `tagged'
  activesupport (4.0.1) lib/active_support/tagged_logging.rb:67:in `tagged'
  railties (4.0.1) lib/rails/rack/logger.rb:20:in `call'
  actionpack (4.0.1) lib/action_dispatch/middleware/request_id.rb:21:in `call'
  rack (1.5.2) lib/rack/methodoverride.rb:21:in `call'
  rack (1.5.2) lib/rack/runtime.rb:17:in `call'
  activesupport (4.0.1) lib/active_support/cache/strategy/local_cache.rb:83:in `call'
  actionpack (4.0.1) lib/action_dispatch/middleware/static.rb:64:in `call'
  rack (1.5.2) lib/rack/sendfile.rb:112:in `call'
  railties (4.0.1) lib/rails/engine.rb:511:in `call'
  railties (4.0.1) lib/rails/application.rb:97:in `call'
  rack (1.5.2) lib/rack/lock.rb:17:in `call'
  rack (1.5.2) lib/rack/content_length.rb:14:in `call'
  rack (1.5.2) lib/rack/handler/webrick.rb:60:in `service'
  /usr/local/var/rbenv/versions/2.0.0-p247/lib/ruby/2.0.0/webrick/httpserver.rb:138:in `service'
  /usr/local/var/rbenv/versions/2.0.0-p247/lib/ruby/2.0.0/webrick/httpserver.rb:94:in `run'
  /usr/local/var/rbenv/versions/2.0.0-p247/lib/ruby/2.0.0/webrick/server.rb:295:in `block in start_thread'


I, [2014-08-13T10:54:32.280350 #21129]  INFO -- : Started GET "/assets/img/loading-a01181dd6b3d593ed9482b056d1b3273.gif" for 127.0.0.1 at 2014-08-13 10:54:32 +0900
F, [2014-08-13T10:54:32.282483 #21129] FATAL -- : 
ActionController::RoutingError (No route matches [GET] "/assets/img/loading-a01181dd6b3d593ed9482b056d1b3273.gif"):
  actionpack (4.0.1) lib/action_dispatch/middleware/debug_exceptions.rb:21:in `call'
  actionpack (4.0.1) lib/action_dispatch/middleware/show_exceptions.rb:30:in `call'
  railties (4.0.1) lib/rails/rack/logger.rb:38:in `call_app'
  railties (4.0.1) lib/rails/rack/logger.rb:20:in `block in call'
  activesupport (4.0.1) lib/active_support/tagged_logging.rb:67:in `block in tagged'
  activesupport (4.0.1) lib/active_support/tagged_logging.rb:25:in `tagged'
  activesupport (4.0.1) lib/active_support/tagged_logging.rb:67:in `tagged'
  railties (4.0.1) lib/rails/rack/logger.rb:20:in `call'
  actionpack (4.0.1) lib/action_dispatch/middleware/request_id.rb:21:in `call'
  rack (1.5.2) lib/rack/methodoverride.rb:21:in `call'
  rack (1.5.2) lib/rack/runtime.rb:17:in `call'
  activesupport (4.0.1) lib/active_support/cache/strategy/local_cache.rb:83:in `call'
  actionpack (4.0.1) lib/action_dispatch/middleware/static.rb:64:in `call'
  rack (1.5.2) lib/rack/sendfile.rb:112:in `call'
  railties (4.0.1) lib/rails/engine.rb:511:in `call'
  railties (4.0.1) lib/rails/application.rb:97:in `call'
  rack (1.5.2) lib/rack/lock.rb:17:in `call'
  rack (1.5.2) lib/rack/content_length.rb:14:in `call'
  rack (1.5.2) lib/rack/handler/webrick.rb:60:in `service'
  /usr/local/var/rbenv/versions/2.0.0-p247/lib/ruby/2.0.0/webrick/httpserver.rb:138:in `service'
  /usr/local/var/rbenv/versions/2.0.0-p247/lib/ruby/2.0.0/webrick/httpserver.rb:94:in `run'
  /usr/local/var/rbenv/versions/2.0.0-p247/lib/ruby/2.0.0/webrick/server.rb:295:in `block in start_thread'


I, [2014-08-13T10:54:32.283209 #21129]  INFO -- : Started GET "/assets/img/next-17592764f9c301734403aa54e7cd4d26.png" for 127.0.0.1 at 2014-08-13 10:54:32 +0900
F, [2014-08-13T10:54:32.284455 #21129] FATAL -- : 
ActionController::RoutingError (No route matches [GET] "/assets/img/next-17592764f9c301734403aa54e7cd4d26.png"):
  actionpack (4.0.1) lib/action_dispatch/middleware/debug_exceptions.rb:21:in `call'
  actionpack (4.0.1) lib/action_dispatch/middleware/show_exceptions.rb:30:in `call'
  railties (4.0.1) lib/rails/rack/logger.rb:38:in `call_app'
  railties (4.0.1) lib/rails/rack/logger.rb:20:in `block in call'
  activesupport (4.0.1) lib/active_support/tagged_logging.rb:67:in `block in tagged'
  activesupport (4.0.1) lib/active_support/tagged_logging.rb:25:in `tagged'
  activesupport (4.0.1) lib/active_support/tagged_logging.rb:67:in `tagged'
  railties (4.0.1) lib/rails/rack/logger.rb:20:in `call'
  actionpack (4.0.1) lib/action_dispatch/middleware/request_id.rb:21:in `call'
  rack (1.5.2) lib/rack/methodoverride.rb:21:in `call'
  rack (1.5.2) lib/rack/runtime.rb:17:in `call'
  activesupport (4.0.1) lib/active_support/cache/strategy/local_cache.rb:83:in `call'
  actionpack (4.0.1) lib/action_dispatch/middleware/static.rb:64:in `call'
  rack (1.5.2) lib/rack/sendfile.rb:112:in `call'
  railties (4.0.1) lib/rails/engine.rb:511:in `call'
  railties (4.0.1) lib/rails/application.rb:97:in `call'
  rack (1.5.2) lib/rack/lock.rb:17:in `call'
  rack (1.5.2) lib/rack/content_length.rb:14:in `call'
  rack (1.5.2) lib/rack/handler/webrick.rb:60:in `service'
  /usr/local/var/rbenv/versions/2.0.0-p247/lib/ruby/2.0.0/webrick/httpserver.rb:138:in `service'
  /usr/local/var/rbenv/versions/2.0.0-p247/lib/ruby/2.0.0/webrick/httpserver.rb:94:in `run'
  /usr/local/var/rbenv/versions/2.0.0-p247/lib/ruby/2.0.0/webrick/server.rb:295:in `block in start_thread'


I, [2014-08-13T10:54:32.285137 #21129]  INFO -- : Started GET "/assets/img/prev-8875dbc5184b9d436eb055ef985ee090.png" for 127.0.0.1 at 2014-08-13 10:54:32 +0900
F, [2014-08-13T10:54:32.286267 #21129] FATAL -- : 
ActionController::RoutingError (No route matches [GET] "/assets/img/prev-8875dbc5184b9d436eb055ef985ee090.png"):
  actionpack (4.0.1) lib/action_dispatch/middleware/debug_exceptions.rb:21:in `call'
  actionpack (4.0.1) lib/action_dispatch/middleware/show_exceptions.rb:30:in `call'
  railties (4.0.1) lib/rails/rack/logger.rb:38:in `call_app'
  railties (4.0.1) lib/rails/rack/logger.rb:20:in `block in call'
  activesupport (4.0.1) lib/active_support/tagged_logging.rb:67:in `block in tagged'
  activesupport (4.0.1) lib/active_support/tagged_logging.rb:25:in `tagged'
  activesupport (4.0.1) lib/active_support/tagged_logging.rb:67:in `tagged'
  railties (4.0.1) lib/rails/rack/logger.rb:20:in `call'
  actionpack (4.0.1) lib/action_dispatch/middleware/request_id.rb:21:in `call'
  rack (1.5.2) lib/rack/methodoverride.rb:21:in `call'
  rack (1.5.2) lib/rack/runtime.rb:17:in `call'
  activesupport (4.0.1) lib/active_support/cache/strategy/local_cache.rb:83:in `call'
  actionpack (4.0.1) lib/action_dispatch/middleware/static.rb:64:in `call'
  rack (1.5.2) lib/rack/sendfile.rb:112:in `call'
  railties (4.0.1) lib/rails/engine.rb:511:in `call'
  railties (4.0.1) lib/rails/application.rb:97:in `call'
  rack (1.5.2) lib/rack/lock.rb:17:in `call'
  rack (1.5.2) lib/rack/content_length.rb:14:in `call'
  rack (1.5.2) lib/rack/handler/webrick.rb:60:in `service'
  /usr/local/var/rbenv/versions/2.0.0-p247/lib/ruby/2.0.0/webrick/httpserver.rb:138:in `service'
  /usr/local/var/rbenv/versions/2.0.0-p247/lib/ruby/2.0.0/webrick/httpserver.rb:94:in `run'
  /usr/local/var/rbenv/versions/2.0.0-p247/lib/ruby/2.0.0/webrick/server.rb:295:in `block in start_thread'


